ImageViewAS/app/build/outputs/logs/manifest-merger-debug-report.txt
-- Merging decision tree log ---
manifest
ADDED from AndroidManifest.xml:2:1
	xmlns:android
		ADDED from AndroidManifest.xml:2:11
	package
		ADDED from AndroidManifest.xml:3:5
		INJECTED from AndroidManifest.xml:0:0
		INJECTED from AndroidManifest.xml:0:0
	android:versionName
		ADDED from AndroidManifest.xml:4:5
	android:versionCode
		ADDED from AndroidManifest.xml:3:42
		INJECTED from AndroidManifest.xml:0:0
		INJECTED from AndroidManifest.xml:0:0
supports-screens
ADDED from AndroidManifest.xml:6:2
	android:largeScreens
		ADDED from AndroidManifest.xml:6:46
	android:anyDensity
		ADDED from AndroidManifest.xml:6:20
	android:normalScreens
		ADDED from AndroidManifest.xml:6:74
	android:smallScreens
		ADDED from AndroidManifest.xml:6:103
uses-sdk
ADDED from AndroidManifest.xml:8:2
	android:targetSdkVersion
		ADDED from AndroidManifest.xml:8:38
		INJECTED from AndroidManifest.xml:0:0
		INJECTED from AndroidManifest.xml:0:0
	android:minSdkVersion
		ADDED from AndroidManifest.xml:8:12
		INJECTED from AndroidManifest.xml:0:0
		INJECTED from AndroidManifest.xml:0:0
application
ADDED from AndroidManifest.xml:10:2
	android:icon
		ADDED from AndroidManifest.xml:10:15
activity#com.juarezjunior.imageview.ImageViewActivity
ADDED from AndroidManifest.xml:11:3
	android:label
		ADDED from AndroidManifest.xml:11:47
	android:name
		ADDED from AndroidManifest.xml:11:13
intent-filter#android.intent.action.MAIN+android.intent.category.LAUNCHER
ADDED from AndroidManifest.xml:12:4
action#android.intent.action.MAIN
ADDED from AndroidManifest.xml:13:5
	android:name
		ADDED from AndroidManifest.xml:13:13
category#android.intent.category.LAUNCHER
ADDED from AndroidManifest.xml:15:5
	android:name
		ADDED from AndroidManifest.xml:15:15